<?xml version="1.0" encoding="UTF-8"?>
<testsuite name="com.talent.SWApiTestWithRestAssured" tests="1" skipped="0" failures="0" errors="0" timestamp="2021-09-08T11:56:38" hostname="DESKTOP-S7JV3ML" time="8.017">
  <properties/>
  <testcase name="requestAResourcesThenLinkReturn()" classname="com.talent.SWApiTestWithRestAssured" time="8.017"/>
  <system-out><![CDATA[HTTP/1.1 200 OK
Server: nginx/1.16.1
Date: Wed, 08 Sep 2021 11:56:38 GMT
Content-Type: application/json
Transfer-Encoding: chunked
Connection: keep-alive
Vary: Accept, Cookie
X-Frame-Options: SAMEORIGIN
ETag: "62d89cf607f7b22eb4e22267457e26b0"
Allow: GET, HEAD, OPTIONS
Strict-Transport-Security: max-age=15768000

{
    "people": "https://swapi.dev/api/people/",
    "planets": "https://swapi.dev/api/planets/",
    "films": "https://swapi.dev/api/films/",
    "species": "https://swapi.dev/api/species/",
    "vehicles": "https://swapi.dev/api/vehicles/",
    "starships": "https://swapi.dev/api/starships/"
}
]]></system-out>
  <system-err><![CDATA[]]></system-err>
</testsuite>
